"C:\Program Files\Java\jdk-15.0.2\bin\java.exe" "-javaagent:C:\Program Files\JetBrains\IntelliJ IDEA Community Edition 2021.1\lib\idea_rt.jar=56297:C:\Program Files\JetBrains\IntelliJ IDEA Community Edition 2021.1\bin" -Dfile.encoding=UTF-8 -classpath "C:\Users\Dennis Perez\IdeaProjects\Project2\out\production\Project2" Match
Abhay matches with Alexandra with the score 96.
Adam matches with Alan with the score 100.
Alexander matches with Alfred with the score 98.
Analisa matches with Andrea with the score 99.
Andrew matches with Colin with the score 90.
Angelina matches with Dana Colleen with the score 93.
Antonietta Vicky matches with Cynthia with the score 93.
Arun Premnath matches with Kurt with the score 81.
Chih matches with Dalila with the score 78.
Daniel has no matches.
Kristal matches with Kristin Lunney with the score 91.
Kristina matches with Lifen with the score 90.
Lauren matches with Lien T. with the score 96.

Process finished with exit code 0



--------------------------Student Text Test Case---------------------------
"C:\Program Files\Java\jdk-15.0.2\bin\java.exe" "-javaagent:C:\Program Files\JetBrains\IntelliJ IDEA Community Edition 2021.1\lib\idea_rt.jar=56380:C:\Program Files\JetBrains\IntelliJ IDEA Community Edition 2021.1\bin" -Dfile.encoding=UTF-8 -classpath "C:\Users\Dennis Perez\IdeaProjects\Project2\out\production\Project2" Match
Abey matches with Melissa with the score 60.
John matches with Jeff with the score 100.
Craig has no matches.

Process finished with exit code 0


